ARM GAS  /tmp/ccoFMLo6.s 			page 1


   1              		.cpu cortex-m3
   2              		.arch armv7-m
   3              		.fpu softvfp
   4              		.eabi_attribute 20, 1
   5              		.eabi_attribute 21, 1
   6              		.eabi_attribute 23, 3
   7              		.eabi_attribute 24, 1
   8              		.eabi_attribute 25, 1
   9              		.eabi_attribute 26, 1
  10              		.eabi_attribute 30, 1
  11              		.eabi_attribute 34, 1
  12              		.eabi_attribute 18, 4
  13              		.file	"stm32f1xx_it.c"
  14              		.text
  15              	.Ltext0:
  16              		.cfi_sections	.debug_frame
  17              		.section	.text.NMI_Handler,"ax",%progbits
  18              		.align	1
  19              		.global	NMI_Handler
  20              		.syntax unified
  21              		.thumb
  22              		.thumb_func
  24              	NMI_Handler:
  25              	.LFB65:
  26              		.file 1 "Core/Src/stm32f1xx_it.c"
   1:Core/Src/stm32f1xx_it.c **** /* USER CODE BEGIN Header */
   2:Core/Src/stm32f1xx_it.c **** /**
   3:Core/Src/stm32f1xx_it.c ****   ******************************************************************************
   4:Core/Src/stm32f1xx_it.c ****   * @file    stm32f1xx_it.c
   5:Core/Src/stm32f1xx_it.c ****   * @brief   Interrupt Service Routines.
   6:Core/Src/stm32f1xx_it.c ****   ******************************************************************************
   7:Core/Src/stm32f1xx_it.c ****   * @attention
   8:Core/Src/stm32f1xx_it.c ****   *
   9:Core/Src/stm32f1xx_it.c ****   * Copyright (c) 2024 STMicroelectronics.
  10:Core/Src/stm32f1xx_it.c ****   * All rights reserved.
  11:Core/Src/stm32f1xx_it.c ****   *
  12:Core/Src/stm32f1xx_it.c ****   * This software is licensed under terms that can be found in the LICENSE file
  13:Core/Src/stm32f1xx_it.c ****   * in the root directory of this software component.
  14:Core/Src/stm32f1xx_it.c ****   * If no LICENSE file comes with this software, it is provided AS-IS.
  15:Core/Src/stm32f1xx_it.c ****   *
  16:Core/Src/stm32f1xx_it.c ****   ******************************************************************************
  17:Core/Src/stm32f1xx_it.c ****   */
  18:Core/Src/stm32f1xx_it.c **** /* USER CODE END Header */
  19:Core/Src/stm32f1xx_it.c **** 
  20:Core/Src/stm32f1xx_it.c **** /* Includes ------------------------------------------------------------------*/
  21:Core/Src/stm32f1xx_it.c **** #include "main.h"
  22:Core/Src/stm32f1xx_it.c **** #include "stm32f1xx_it.h"
  23:Core/Src/stm32f1xx_it.c **** /* Private includes ----------------------------------------------------------*/
  24:Core/Src/stm32f1xx_it.c **** /* USER CODE BEGIN Includes */
  25:Core/Src/stm32f1xx_it.c **** /* USER CODE END Includes */
  26:Core/Src/stm32f1xx_it.c **** 
  27:Core/Src/stm32f1xx_it.c **** /* Private typedef -----------------------------------------------------------*/
  28:Core/Src/stm32f1xx_it.c **** /* USER CODE BEGIN TD */
  29:Core/Src/stm32f1xx_it.c **** 
  30:Core/Src/stm32f1xx_it.c **** /* USER CODE END TD */
  31:Core/Src/stm32f1xx_it.c **** 
  32:Core/Src/stm32f1xx_it.c **** /* Private define ------------------------------------------------------------*/
ARM GAS  /tmp/ccoFMLo6.s 			page 2


  33:Core/Src/stm32f1xx_it.c **** /* USER CODE BEGIN PD */
  34:Core/Src/stm32f1xx_it.c **** 
  35:Core/Src/stm32f1xx_it.c **** /* USER CODE END PD */
  36:Core/Src/stm32f1xx_it.c **** 
  37:Core/Src/stm32f1xx_it.c **** /* Private macro -------------------------------------------------------------*/
  38:Core/Src/stm32f1xx_it.c **** /* USER CODE BEGIN PM */
  39:Core/Src/stm32f1xx_it.c **** 
  40:Core/Src/stm32f1xx_it.c **** /* USER CODE END PM */
  41:Core/Src/stm32f1xx_it.c **** 
  42:Core/Src/stm32f1xx_it.c **** /* Private variables ---------------------------------------------------------*/
  43:Core/Src/stm32f1xx_it.c **** /* USER CODE BEGIN PV */
  44:Core/Src/stm32f1xx_it.c **** 
  45:Core/Src/stm32f1xx_it.c **** /* USER CODE END PV */
  46:Core/Src/stm32f1xx_it.c **** 
  47:Core/Src/stm32f1xx_it.c **** /* Private function prototypes -----------------------------------------------*/
  48:Core/Src/stm32f1xx_it.c **** /* USER CODE BEGIN PFP */
  49:Core/Src/stm32f1xx_it.c **** 
  50:Core/Src/stm32f1xx_it.c **** /* USER CODE END PFP */
  51:Core/Src/stm32f1xx_it.c **** 
  52:Core/Src/stm32f1xx_it.c **** /* Private user code ---------------------------------------------------------*/
  53:Core/Src/stm32f1xx_it.c **** /* USER CODE BEGIN 0 */
  54:Core/Src/stm32f1xx_it.c **** 
  55:Core/Src/stm32f1xx_it.c **** /* USER CODE END 0 */
  56:Core/Src/stm32f1xx_it.c **** 
  57:Core/Src/stm32f1xx_it.c **** /* External variables --------------------------------------------------------*/
  58:Core/Src/stm32f1xx_it.c **** extern UART_HandleTypeDef huart1;
  59:Core/Src/stm32f1xx_it.c **** /* USER CODE BEGIN EV */
  60:Core/Src/stm32f1xx_it.c **** 
  61:Core/Src/stm32f1xx_it.c **** /* USER CODE END EV */
  62:Core/Src/stm32f1xx_it.c **** 
  63:Core/Src/stm32f1xx_it.c **** /******************************************************************************/
  64:Core/Src/stm32f1xx_it.c **** /*           Cortex-M3 Processor Interruption and Exception Handlers          */
  65:Core/Src/stm32f1xx_it.c **** /******************************************************************************/
  66:Core/Src/stm32f1xx_it.c **** /**
  67:Core/Src/stm32f1xx_it.c ****   * @brief This function handles Non maskable interrupt.
  68:Core/Src/stm32f1xx_it.c ****   */
  69:Core/Src/stm32f1xx_it.c **** void NMI_Handler(void)
  70:Core/Src/stm32f1xx_it.c **** {
  27              		.loc 1 70 1 view -0
  28              		.cfi_startproc
  29              		@ Volatile: function does not return.
  30              		@ args = 0, pretend = 0, frame = 0
  31              		@ frame_needed = 0, uses_anonymous_args = 0
  32              		@ link register save eliminated.
  33              	.L2:
  71:Core/Src/stm32f1xx_it.c ****   /* USER CODE BEGIN NonMaskableInt_IRQn 0 */
  72:Core/Src/stm32f1xx_it.c **** 
  73:Core/Src/stm32f1xx_it.c ****   /* USER CODE END NonMaskableInt_IRQn 0 */
  74:Core/Src/stm32f1xx_it.c ****   /* USER CODE BEGIN NonMaskableInt_IRQn 1 */
  75:Core/Src/stm32f1xx_it.c ****    while (1)
  34              		.loc 1 75 4 discriminator 1 view .LVU1
  76:Core/Src/stm32f1xx_it.c ****   {
  77:Core/Src/stm32f1xx_it.c ****   }
  35              		.loc 1 77 3 discriminator 1 view .LVU2
  75:Core/Src/stm32f1xx_it.c ****   {
  36              		.loc 1 75 10 discriminator 1 view .LVU3
  37 0000 FEE7     		b	.L2
ARM GAS  /tmp/ccoFMLo6.s 			page 3


  38              		.cfi_endproc
  39              	.LFE65:
  41              		.section	.text.MemManage_Handler,"ax",%progbits
  42              		.align	1
  43              		.global	MemManage_Handler
  44              		.syntax unified
  45              		.thumb
  46              		.thumb_func
  48              	MemManage_Handler:
  49              	.LFB66:
  78:Core/Src/stm32f1xx_it.c ****   /* USER CODE END NonMaskableInt_IRQn 1 */
  79:Core/Src/stm32f1xx_it.c **** }
  80:Core/Src/stm32f1xx_it.c **** 
  81:Core/Src/stm32f1xx_it.c **** /**
  82:Core/Src/stm32f1xx_it.c ****   * @brief This function handles Memory management fault.
  83:Core/Src/stm32f1xx_it.c ****   */
  84:Core/Src/stm32f1xx_it.c **** void MemManage_Handler(void)
  85:Core/Src/stm32f1xx_it.c **** {
  50              		.loc 1 85 1 view -0
  51              		.cfi_startproc
  52              		@ Volatile: function does not return.
  53              		@ args = 0, pretend = 0, frame = 0
  54              		@ frame_needed = 0, uses_anonymous_args = 0
  55              		@ link register save eliminated.
  56              	.L4:
  86:Core/Src/stm32f1xx_it.c ****   /* USER CODE BEGIN MemoryManagement_IRQn 0 */
  87:Core/Src/stm32f1xx_it.c **** 
  88:Core/Src/stm32f1xx_it.c ****   /* USER CODE END MemoryManagement_IRQn 0 */
  89:Core/Src/stm32f1xx_it.c ****   while (1)
  57              		.loc 1 89 3 discriminator 1 view .LVU5
  90:Core/Src/stm32f1xx_it.c ****   {
  91:Core/Src/stm32f1xx_it.c ****     /* USER CODE BEGIN W1_MemoryManagement_IRQn 0 */
  92:Core/Src/stm32f1xx_it.c ****     /* USER CODE END W1_MemoryManagement_IRQn 0 */
  93:Core/Src/stm32f1xx_it.c ****   }
  58              		.loc 1 93 3 discriminator 1 view .LVU6
  89:Core/Src/stm32f1xx_it.c ****   {
  59              		.loc 1 89 9 discriminator 1 view .LVU7
  60 0000 FEE7     		b	.L4
  61              		.cfi_endproc
  62              	.LFE66:
  64              		.section	.text.BusFault_Handler,"ax",%progbits
  65              		.align	1
  66              		.global	BusFault_Handler
  67              		.syntax unified
  68              		.thumb
  69              		.thumb_func
  71              	BusFault_Handler:
  72              	.LFB67:
  94:Core/Src/stm32f1xx_it.c **** }
  95:Core/Src/stm32f1xx_it.c **** 
  96:Core/Src/stm32f1xx_it.c **** /**
  97:Core/Src/stm32f1xx_it.c ****   * @brief This function handles Prefetch fault, memory access fault.
  98:Core/Src/stm32f1xx_it.c ****   */
  99:Core/Src/stm32f1xx_it.c **** void BusFault_Handler(void)
 100:Core/Src/stm32f1xx_it.c **** {
  73              		.loc 1 100 1 view -0
  74              		.cfi_startproc
ARM GAS  /tmp/ccoFMLo6.s 			page 4


  75              		@ Volatile: function does not return.
  76              		@ args = 0, pretend = 0, frame = 0
  77              		@ frame_needed = 0, uses_anonymous_args = 0
  78              		@ link register save eliminated.
  79              	.L6:
 101:Core/Src/stm32f1xx_it.c ****   /* USER CODE BEGIN BusFault_IRQn 0 */
 102:Core/Src/stm32f1xx_it.c **** 
 103:Core/Src/stm32f1xx_it.c ****   /* USER CODE END BusFault_IRQn 0 */
 104:Core/Src/stm32f1xx_it.c ****   while (1)
  80              		.loc 1 104 3 discriminator 1 view .LVU9
 105:Core/Src/stm32f1xx_it.c ****   {
 106:Core/Src/stm32f1xx_it.c ****     /* USER CODE BEGIN W1_BusFault_IRQn 0 */
 107:Core/Src/stm32f1xx_it.c ****     /* USER CODE END W1_BusFault_IRQn 0 */
 108:Core/Src/stm32f1xx_it.c ****   }
  81              		.loc 1 108 3 discriminator 1 view .LVU10
 104:Core/Src/stm32f1xx_it.c ****   {
  82              		.loc 1 104 9 discriminator 1 view .LVU11
  83 0000 FEE7     		b	.L6
  84              		.cfi_endproc
  85              	.LFE67:
  87              		.section	.text.UsageFault_Handler,"ax",%progbits
  88              		.align	1
  89              		.global	UsageFault_Handler
  90              		.syntax unified
  91              		.thumb
  92              		.thumb_func
  94              	UsageFault_Handler:
  95              	.LFB68:
 109:Core/Src/stm32f1xx_it.c **** }
 110:Core/Src/stm32f1xx_it.c **** 
 111:Core/Src/stm32f1xx_it.c **** /**
 112:Core/Src/stm32f1xx_it.c ****   * @brief This function handles Undefined instruction or illegal state.
 113:Core/Src/stm32f1xx_it.c ****   */
 114:Core/Src/stm32f1xx_it.c **** void UsageFault_Handler(void)
 115:Core/Src/stm32f1xx_it.c **** {
  96              		.loc 1 115 1 view -0
  97              		.cfi_startproc
  98              		@ Volatile: function does not return.
  99              		@ args = 0, pretend = 0, frame = 0
 100              		@ frame_needed = 0, uses_anonymous_args = 0
 101              		@ link register save eliminated.
 102              	.L8:
 116:Core/Src/stm32f1xx_it.c ****   /* USER CODE BEGIN UsageFault_IRQn 0 */
 117:Core/Src/stm32f1xx_it.c **** 
 118:Core/Src/stm32f1xx_it.c ****   /* USER CODE END UsageFault_IRQn 0 */
 119:Core/Src/stm32f1xx_it.c ****   while (1)
 103              		.loc 1 119 3 discriminator 1 view .LVU13
 120:Core/Src/stm32f1xx_it.c ****   {
 121:Core/Src/stm32f1xx_it.c ****     /* USER CODE BEGIN W1_UsageFault_IRQn 0 */
 122:Core/Src/stm32f1xx_it.c ****     /* USER CODE END W1_UsageFault_IRQn 0 */
 123:Core/Src/stm32f1xx_it.c ****   }
 104              		.loc 1 123 3 discriminator 1 view .LVU14
 119:Core/Src/stm32f1xx_it.c ****   {
 105              		.loc 1 119 9 discriminator 1 view .LVU15
 106 0000 FEE7     		b	.L8
 107              		.cfi_endproc
 108              	.LFE68:
ARM GAS  /tmp/ccoFMLo6.s 			page 5


 110              		.section	.text.SVC_Handler,"ax",%progbits
 111              		.align	1
 112              		.global	SVC_Handler
 113              		.syntax unified
 114              		.thumb
 115              		.thumb_func
 117              	SVC_Handler:
 118              	.LFB69:
 124:Core/Src/stm32f1xx_it.c **** }
 125:Core/Src/stm32f1xx_it.c **** 
 126:Core/Src/stm32f1xx_it.c **** /**
 127:Core/Src/stm32f1xx_it.c ****   * @brief This function handles System service call via SWI instruction.
 128:Core/Src/stm32f1xx_it.c ****   */
 129:Core/Src/stm32f1xx_it.c **** void SVC_Handler(void)
 130:Core/Src/stm32f1xx_it.c **** {
 119              		.loc 1 130 1 view -0
 120              		.cfi_startproc
 121              		@ args = 0, pretend = 0, frame = 0
 122              		@ frame_needed = 0, uses_anonymous_args = 0
 123              		@ link register save eliminated.
 131:Core/Src/stm32f1xx_it.c ****   /* USER CODE BEGIN SVCall_IRQn 0 */
 132:Core/Src/stm32f1xx_it.c **** 
 133:Core/Src/stm32f1xx_it.c ****   /* USER CODE END SVCall_IRQn 0 */
 134:Core/Src/stm32f1xx_it.c ****   /* USER CODE BEGIN SVCall_IRQn 1 */
 135:Core/Src/stm32f1xx_it.c **** 
 136:Core/Src/stm32f1xx_it.c ****   /* USER CODE END SVCall_IRQn 1 */
 137:Core/Src/stm32f1xx_it.c **** }
 124              		.loc 1 137 1 view .LVU17
 125 0000 7047     		bx	lr
 126              		.cfi_endproc
 127              	.LFE69:
 129              		.section	.text.DebugMon_Handler,"ax",%progbits
 130              		.align	1
 131              		.global	DebugMon_Handler
 132              		.syntax unified
 133              		.thumb
 134              		.thumb_func
 136              	DebugMon_Handler:
 137              	.LFB70:
 138:Core/Src/stm32f1xx_it.c **** 
 139:Core/Src/stm32f1xx_it.c **** /**
 140:Core/Src/stm32f1xx_it.c ****   * @brief This function handles Debug monitor.
 141:Core/Src/stm32f1xx_it.c ****   */
 142:Core/Src/stm32f1xx_it.c **** void DebugMon_Handler(void)
 143:Core/Src/stm32f1xx_it.c **** {
 138              		.loc 1 143 1 view -0
 139              		.cfi_startproc
 140              		@ args = 0, pretend = 0, frame = 0
 141              		@ frame_needed = 0, uses_anonymous_args = 0
 142              		@ link register save eliminated.
 144:Core/Src/stm32f1xx_it.c ****   /* USER CODE BEGIN DebugMonitor_IRQn 0 */
 145:Core/Src/stm32f1xx_it.c **** 
 146:Core/Src/stm32f1xx_it.c ****   /* USER CODE END DebugMonitor_IRQn 0 */
 147:Core/Src/stm32f1xx_it.c ****   /* USER CODE BEGIN DebugMonitor_IRQn 1 */
 148:Core/Src/stm32f1xx_it.c **** 
 149:Core/Src/stm32f1xx_it.c ****   /* USER CODE END DebugMonitor_IRQn 1 */
 150:Core/Src/stm32f1xx_it.c **** }
ARM GAS  /tmp/ccoFMLo6.s 			page 6


 143              		.loc 1 150 1 view .LVU19
 144 0000 7047     		bx	lr
 145              		.cfi_endproc
 146              	.LFE70:
 148              		.text
 149              	.Letext0:
ARM GAS  /tmp/ccoFMLo6.s 			page 7


DEFINED SYMBOLS
                            *ABS*:0000000000000000 stm32f1xx_it.c
     /tmp/ccoFMLo6.s:18     .text.NMI_Handler:0000000000000000 $t
     /tmp/ccoFMLo6.s:24     .text.NMI_Handler:0000000000000000 NMI_Handler
     /tmp/ccoFMLo6.s:42     .text.MemManage_Handler:0000000000000000 $t
     /tmp/ccoFMLo6.s:48     .text.MemManage_Handler:0000000000000000 MemManage_Handler
     /tmp/ccoFMLo6.s:65     .text.BusFault_Handler:0000000000000000 $t
     /tmp/ccoFMLo6.s:71     .text.BusFault_Handler:0000000000000000 BusFault_Handler
     /tmp/ccoFMLo6.s:88     .text.UsageFault_Handler:0000000000000000 $t
     /tmp/ccoFMLo6.s:94     .text.UsageFault_Handler:0000000000000000 UsageFault_Handler
     /tmp/ccoFMLo6.s:111    .text.SVC_Handler:0000000000000000 $t
     /tmp/ccoFMLo6.s:117    .text.SVC_Handler:0000000000000000 SVC_Handler
     /tmp/ccoFMLo6.s:130    .text.DebugMon_Handler:0000000000000000 $t
     /tmp/ccoFMLo6.s:136    .text.DebugMon_Handler:0000000000000000 DebugMon_Handler

NO UNDEFINED SYMBOLS
